Flow report for GCD
Thu Apr 12 11:00:26 2018
Quartus II 32-bit Version 13.1.0 Build 162 10/23/2013 SJ Web Edition


---------------------
; Table of Contents ;
---------------------
  1. Legal Notice
  2. Flow Summary
  3. Flow Settings
  4. Flow Non-Default Global Settings
  5. Flow Elapsed Time
  6. Flow OS Summary
  7. Flow Log
  8. Flow Messages
  9. Flow Suppressed Messages



----------------
; Legal Notice ;
----------------
Copyright (C) 1991-2013 Altera Corporation
Your use of Altera Corporation's design tools, logic functions 
and other software and tools, and its AMPP partner logic 
functions, and any output files from any of the foregoing 
(including device programming or simulation files), and any 
associated documentation or information are expressly subject 
to the terms and conditions of the Altera Program License 
Subscription Agreement, Altera MegaCore Function License 
Agreement, or other applicable license agreement, including, 
without limitation, that your use is for the sole purpose of 
programming logic devices manufactured by Altera and sold by 
Altera or its authorized distributors.  Please refer to the 
applicable agreement for further details.



+---------------------------------------------------------------------------------+
; Flow Summary                                                                    ;
+------------------------------------+--------------------------------------------+
; Flow Status                        ; Successful - Thu Apr 12 11:00:26 2018      ;
; Quartus II 32-bit Version          ; 13.1.0 Build 162 10/23/2013 SJ Web Edition ;
; Revision Name                      ; GCD                                        ;
; Top-level Entity Name              ; GCD                                        ;
; Family                             ; Cyclone IV GX                              ;
; Total logic elements               ; 72 / 14,400 ( < 1 % )                      ;
;     Total combinational functions  ; 72 / 14,400 ( < 1 % )                      ;
;     Dedicated logic registers      ; 23 / 14,400 ( < 1 % )                      ;
; Total registers                    ; 23                                         ;
; Total pins                         ; 27 / 81 ( 33 % )                           ;
; Total virtual pins                 ; 0                                          ;
; Total memory bits                  ; 0 / 552,960 ( 0 % )                        ;
; Embedded Multiplier 9-bit elements ; 0                                          ;
; Total GXB Receiver Channel PCS     ; 0 / 2 ( 0 % )                              ;
; Total GXB Receiver Channel PMA     ; 0 / 2 ( 0 % )                              ;
; Total GXB Transmitter Channel PCS  ; 0 / 2 ( 0 % )                              ;
; Total GXB Transmitter Channel PMA  ; 0 / 2 ( 0 % )                              ;
; Total PLLs                         ; 0 / 3 ( 0 % )                              ;
; Device                             ; EP4CGX15BF14C6                             ;
; Timing Models                      ; Final                                      ;
+------------------------------------+--------------------------------------------+


+-----------------------------------------+
; Flow Settings                           ;
+-------------------+---------------------+
; Option            ; Setting             ;
+-------------------+---------------------+
; Start date & time ; 04/12/2018 10:34:48 ;
; Main task         ; Compilation         ;
; Revision Name     ; GCD                 ;
+-------------------+---------------------+


+-------------------------------------------------------------------------------------------------------------------------------+
; Flow Non-Default Global Settings                                                                                              ;
+-------------------------------------+------------------------------------------+---------------+-------------+----------------+
; Assignment Name                     ; Value                                    ; Default Value ; Entity Name ; Section Id     ;
+-------------------------------------+------------------------------------------+---------------+-------------+----------------+
; COMPILER_SIGNATURE_ID               ; 181122445417233.152354008802496          ; --            ; --          ; --             ;
; EDA_GENERATE_FUNCTIONAL_NETLIST     ; Off                                      ; --            ; --          ; eda_simulation ;
; EDA_NETLIST_WRITER_OUTPUT_DIR       ; C:/altera/13.1/data_gcd/simulation/qsim/ ; --            ; --          ; eda_simulation ;
; EDA_OUTPUT_DATA_FORMAT              ; Verilog Hdl                              ; --            ; --          ; eda_simulation ;
; EDA_SIMULATION_TOOL                 ; ModelSim-Altera (Verilog)                ; <None>        ; --          ; --             ;
; EDA_TIME_SCALE                      ; 1 ps                                     ; --            ; --          ; eda_simulation ;
; PARTITION_COLOR                     ; 16764057                                 ; --            ; --          ; Top            ;
; PARTITION_FITTER_PRESERVATION_LEVEL ; PLACEMENT_AND_ROUTING                    ; --            ; --          ; Top            ;
; PARTITION_NETLIST_TYPE              ; SOURCE                                   ; --            ; --          ; Top            ;
; PROJECT_OUTPUT_DIRECTORY            ; output_files                             ; --            ; --          ; --             ;
+-------------------------------------+------------------------------------------+---------------+-------------+----------------+


+-------------------------------------------------------------------------------------------------------------------------------+
; Flow Elapsed Time                                                                                                             ;
+---------------------------+--------------+-------------------------+---------------------+------------------------------------+
; Module Name               ; Elapsed Time ; Average Processors Used ; Peak Virtual Memory ; Total CPU Time (on all processors) ;
+---------------------------+--------------+-------------------------+---------------------+------------------------------------+
; Analysis & Synthesis      ; 00:00:11     ; 1.0                     ; 458 MB              ; 00:00:03                           ;
; Fitter                    ; 00:00:19     ; 1.1                     ; 725 MB              ; 00:00:12                           ;
; Assembler                 ; 00:00:03     ; 1.0                     ; 437 MB              ; 00:00:02                           ;
; TimeQuest Timing Analyzer ; 00:00:07     ; 1.0                     ; 436 MB              ; 00:00:04                           ;
; EDA Netlist Writer        ; 00:00:02     ; 1.0                     ; 393 MB              ; 00:00:01                           ;
; EDA Netlist Writer        ; 00:00:01     ; 1.0                     ; 394 MB              ; 00:00:01                           ;
; EDA Netlist Writer        ; 00:00:02     ; 1.0                     ; 397 MB              ; 00:00:01                           ;
; EDA Netlist Writer        ; 00:00:01     ; 1.0                     ; 394 MB              ; 00:00:01                           ;
; EDA Netlist Writer        ; 00:00:02     ; 1.0                     ; 397 MB              ; 00:00:01                           ;
; EDA Netlist Writer        ; 00:00:01     ; 1.0                     ; 394 MB              ; 00:00:01                           ;
; EDA Netlist Writer        ; 00:00:01     ; 1.0                     ; 397 MB              ; 00:00:02                           ;
; EDA Netlist Writer        ; 00:00:01     ; 1.0                     ; 398 MB              ; 00:00:01                           ;
; EDA Netlist Writer        ; 00:00:02     ; 1.0                     ; 397 MB              ; 00:00:02                           ;
; EDA Netlist Writer        ; 00:00:01     ; 1.0                     ; 398 MB              ; 00:00:01                           ;
; EDA Netlist Writer        ; 00:00:02     ; 1.0                     ; 397 MB              ; 00:00:02                           ;
; EDA Netlist Writer        ; 00:00:01     ; 1.0                     ; 398 MB              ; 00:00:01                           ;
; EDA Netlist Writer        ; 00:00:02     ; 1.0                     ; 397 MB              ; 00:00:01                           ;
; EDA Netlist Writer        ; 00:00:01     ; 1.0                     ; 394 MB              ; 00:00:01                           ;
; EDA Netlist Writer        ; 00:00:02     ; 1.0                     ; 397 MB              ; 00:00:02                           ;
; EDA Netlist Writer        ; 00:00:01     ; 1.0                     ; 394 MB              ; 00:00:01                           ;
; EDA Netlist Writer        ; 00:00:02     ; 1.0                     ; 397 MB              ; 00:00:02                           ;
; Total                     ; 00:01:05     ; --                      ; --                  ; 00:00:43                           ;
+---------------------------+--------------+-------------------------+---------------------+------------------------------------+


+----------------------------------------------------------------------------------------+
; Flow OS Summary                                                                        ;
+---------------------------+------------------+-----------+------------+----------------+
; Module Name               ; Machine Hostname ; OS Name   ; OS Version ; Processor type ;
+---------------------------+------------------+-----------+------------+----------------+
; Analysis & Synthesis      ; DESKTOP-K2B08MT  ; Windows 7 ; 6.2        ; i686           ;
; Fitter                    ; DESKTOP-K2B08MT  ; Windows 7 ; 6.2        ; i686           ;
; Assembler                 ; DESKTOP-K2B08MT  ; Windows 7 ; 6.2        ; i686           ;
; TimeQuest Timing Analyzer ; DESKTOP-K2B08MT  ; Windows 7 ; 6.2        ; i686           ;
; EDA Netlist Writer        ; DESKTOP-K2B08MT  ; Windows 7 ; 6.2        ; i686           ;
; EDA Netlist Writer        ; DESKTOP-K2B08MT  ; Windows 7 ; 6.2        ; i686           ;
; EDA Netlist Writer        ; DESKTOP-K2B08MT  ; Windows 7 ; 6.2        ; i686           ;
; EDA Netlist Writer        ; DESKTOP-K2B08MT  ; Windows 7 ; 6.2        ; i686           ;
; EDA Netlist Writer        ; DESKTOP-K2B08MT  ; Windows 7 ; 6.2        ; i686           ;
; EDA Netlist Writer        ; DESKTOP-K2B08MT  ; Windows 7 ; 6.2        ; i686           ;
; EDA Netlist Writer        ; DESKTOP-K2B08MT  ; Windows 7 ; 6.2        ; i686           ;
; EDA Netlist Writer        ; DESKTOP-K2B08MT  ; Windows 7 ; 6.2        ; i686           ;
; EDA Netlist Writer        ; DESKTOP-K2B08MT  ; Windows 7 ; 6.2        ; i686           ;
; EDA Netlist Writer        ; DESKTOP-K2B08MT  ; Windows 7 ; 6.2        ; i686           ;
; EDA Netlist Writer        ; DESKTOP-K2B08MT  ; Windows 7 ; 6.2        ; i686           ;
; EDA Netlist Writer        ; DESKTOP-K2B08MT  ; Windows 7 ; 6.2        ; i686           ;
; EDA Netlist Writer        ; DESKTOP-K2B08MT  ; Windows 7 ; 6.2        ; i686           ;
; EDA Netlist Writer        ; DESKTOP-K2B08MT  ; Windows 7 ; 6.2        ; i686           ;
; EDA Netlist Writer        ; DESKTOP-K2B08MT  ; Windows 7 ; 6.2        ; i686           ;
; EDA Netlist Writer        ; DESKTOP-K2B08MT  ; Windows 7 ; 6.2        ; i686           ;
; EDA Netlist Writer        ; DESKTOP-K2B08MT  ; Windows 7 ; 6.2        ; i686           ;
+---------------------------+------------------+-----------+------------+----------------+


------------
; Flow Log ;
------------
quartus_map --read_settings_files=on --write_settings_files=off GCD -c GCD
quartus_fit --read_settings_files=off --write_settings_files=off GCD -c GCD
quartus_asm --read_settings_files=off --write_settings_files=off GCD -c GCD
quartus_sta GCD -c GCD
quartus_eda --read_settings_files=off --write_settings_files=off GCD -c GCD
quartus_eda --gen_testbench --check_outputs=on --tool=modelsim_oem --format=verilog GCD -c GCD --vector_source=C:/altera/13.1/data_gcd/Waveform.vwf --testbench_file=C:/altera/13.1/data_gcd/simulation/qsim/Waveform.vwf.vt
quartus_eda --functional=off --flatten_buses=off --timescale=1ps --simulation=on --tool=modelsim_oem --format=verilog --output_directory=C:/altera/13.1/data_gcd/simulation/qsim/ GCD -c GCD
quartus_eda --gen_testbench --check_outputs=on --tool=modelsim_oem --format=verilog GCD -c GCD --vector_source=C:/altera/13.1/data_gcd/Waveform.vwf --testbench_file=C:/altera/13.1/data_gcd/simulation/qsim/Waveform.vwf.vt
quartus_eda --functional=off --flatten_buses=off --timescale=1ps --simulation=on --tool=modelsim_oem --format=verilog --output_directory=C:/altera/13.1/data_gcd/simulation/qsim/ GCD -c GCD
quartus_eda --gen_testbench --check_outputs=on --tool=modelsim_oem --format=verilog GCD -c GCD --vector_source=C:/altera/13.1/data_gcd/Waveform.vwf --testbench_file=C:/altera/13.1/data_gcd/simulation/qsim/Waveform.vwf.vt
quartus_eda --functional=off --flatten_buses=off --timescale=1ps --simulation=on --tool=modelsim_oem --format=verilog --output_directory=C:/altera/13.1/data_gcd/simulation/qsim/ GCD -c GCD
quartus_eda --gen_testbench --check_outputs=on --tool=modelsim_oem --format=verilog GCD -c GCD --vector_source=C:/altera/13.1/data_gcd/Waveform.vwf --testbench_file=C:/altera/13.1/data_gcd/simulation/qsim/Waveform.vwf.vt
quartus_eda --functional=off --flatten_buses=off --timescale=1ps --simulation=on --tool=modelsim_oem --format=verilog --output_directory=C:/altera/13.1/data_gcd/simulation/qsim/ GCD -c GCD
quartus_eda --gen_testbench --check_outputs=on --tool=modelsim_oem --format=verilog GCD -c GCD --vector_source=C:/altera/13.1/data_gcd/Waveform.vwf --testbench_file=C:/altera/13.1/data_gcd/simulation/qsim/Waveform.vwf.vt
quartus_eda --functional=off --flatten_buses=off --timescale=1ps --simulation=on --tool=modelsim_oem --format=verilog --output_directory=C:/altera/13.1/data_gcd/simulation/qsim/ GCD -c GCD
quartus_eda --gen_testbench --check_outputs=on --tool=modelsim_oem --format=verilog GCD -c GCD --vector_source=C:/altera/13.1/data_gcd/Waveform.vwf --testbench_file=C:/altera/13.1/data_gcd/simulation/qsim/Waveform.vwf.vt
quartus_eda --functional=off --flatten_buses=off --timescale=1ps --simulation=on --tool=modelsim_oem --format=verilog --output_directory=C:/altera/13.1/data_gcd/simulation/qsim/ GCD -c GCD
quartus_eda --gen_testbench --check_outputs=on --tool=modelsim_oem --format=verilog GCD -c GCD --vector_source=C:/altera/13.1/data_gcd/Waveform.vwf --testbench_file=C:/altera/13.1/data_gcd/simulation/qsim/Waveform.vwf.vt
quartus_eda --functional=off --flatten_buses=off --timescale=1ps --simulation=on --tool=modelsim_oem --format=verilog --output_directory=C:/altera/13.1/data_gcd/simulation/qsim/ GCD -c GCD
quartus_eda --gen_testbench --check_outputs=on --tool=modelsim_oem --format=verilog GCD -c GCD --vector_source=C:/altera/13.1/data_gcd/Waveform.vwf --testbench_file=C:/altera/13.1/data_gcd/simulation/qsim/Waveform.vwf.vt
quartus_eda --functional=off --flatten_buses=off --timescale=1ps --simulation=on --tool=modelsim_oem --format=verilog --output_directory=C:/altera/13.1/data_gcd/simulation/qsim/ GCD -c GCD



